<?xml version="1.0" encoding="UTF-8"?>
<testng-results ignored="0" total="16" passed="16" failed="0" skipped="0">
  <reporter-output>
  </reporter-output>
  <suite started-at="2023-03-09T16:21:17 IST" name="Suite" finished-at="2023-03-09T16:21:17 IST" duration-ms="276">
    <groups>
    </groups>
    <test started-at="2023-03-09T16:21:17 IST" name="Test" finished-at="2023-03-09T16:21:17 IST" duration-ms="276">
      <class name="TestG.Sus">
        <test-method is-config="true" signature="befores()[pri:0, instance:TestG.Sus@957e06]" started-at="2023-03-09T16:21:17 IST" name="befores" finished-at="2023-03-09T16:21:17 IST" duration-ms="14" status="PASS">
          <reporter-output>
          </reporter-output>
        </test-method> <!-- befores -->
        <test-method signature="f()[pri:0, instance:TestG.Sus@957e06]" started-at="2023-03-09T16:21:17 IST" name="f" finished-at="2023-03-09T16:21:17 IST" duration-ms="4" status="PASS">
          <reporter-output>
          </reporter-output>
        </test-method> <!-- f -->
        <test-method is-config="true" signature="aftersuite()[pri:0, instance:TestG.Sus@957e06]" started-at="2023-03-09T16:21:18 IST" name="aftersuite" finished-at="2023-03-09T16:21:18 IST" duration-ms="0" status="PASS">
          <reporter-output>
          </reporter-output>
        </test-method> <!-- aftersuite -->
      </class> <!-- TestG.Sus -->
      <class name="TestG.test">
        <test-method signature="TestA()[pri:0, instance:TestG.test@31fa1761]" started-at="2023-03-09T16:21:17 IST" name="TestA" description=" ---------User Logout" finished-at="2023-03-09T16:21:17 IST" duration-ms="5" status="PASS">
          <reporter-output>
          </reporter-output>
        </test-method> <!-- TestA -->
        <test-method signature="Testb()[pri:0, instance:TestG.test@31fa1761]" started-at="2023-03-09T16:21:17 IST" name="Testb" description="User Login" finished-at="2023-03-09T16:21:17 IST" duration-ms="5" status="PASS">
          <reporter-output>
          </reporter-output>
        </test-method> <!-- Testb -->
        <test-method signature="Testp()[pri:0, instance:TestG.test@31fa1761]" started-at="2023-03-09T16:21:17 IST" name="Testp" finished-at="2023-03-09T16:21:17 IST" duration-ms="2" status="PASS">
          <reporter-output>
          </reporter-output>
        </test-method> <!-- Testp -->
      </class> <!-- TestG.test -->
      <class name="TestG.one">
        <test-method is-config="true" signature="btest()[pri:0, instance:TestG.one@6404f418]" started-at="2023-03-09T16:21:17 IST" name="btest" finished-at="2023-03-09T16:21:17 IST" duration-ms="1" status="PASS">
          <reporter-output>
          </reporter-output>
        </test-method> <!-- btest -->
        <test-method is-config="true" signature="bclass()[pri:0, instance:TestG.one@6404f418]" started-at="2023-03-09T16:21:17 IST" name="bclass" finished-at="2023-03-09T16:21:17 IST" duration-ms="1" status="PASS">
          <reporter-output>
          </reporter-output>
        </test-method> <!-- bclass -->
        <test-method signature="f()[pri:0, instance:TestG.one@6404f418]" started-at="2023-03-09T16:21:17 IST" name="f" finished-at="2023-03-09T16:21:17 IST" duration-ms="5" status="PASS">
          <reporter-output>
          </reporter-output>
        </test-method> <!-- f -->
        <test-method is-config="true" signature="aftertest()[pri:0, instance:TestG.one@6404f418]" started-at="2023-03-09T16:21:17 IST" name="aftertest" finished-at="2023-03-09T16:21:17 IST" duration-ms="1" status="PASS">
          <reporter-output>
          </reporter-output>
        </test-method> <!-- aftertest -->
      </class> <!-- TestG.one -->
      <class name="TestG.NewTest">
        <test-method is-config="true" signature="BeforTest()[pri:0, instance:TestG.NewTest@3a44431a]" started-at="2023-03-09T16:21:17 IST" name="BeforTest" finished-at="2023-03-09T16:21:17 IST" duration-ms="1" status="PASS">
          <reporter-output>
          </reporter-output>
        </test-method> <!-- BeforTest -->
        <test-method signature="shamboo()[pri:0, instance:TestG.NewTest@3a44431a]" started-at="2023-03-09T16:21:17 IST" name="shamboo" finished-at="2023-03-09T16:21:17 IST" duration-ms="9" status="PASS">
          <reporter-output>
          </reporter-output>
        </test-method> <!-- shamboo -->
        <test-method is-config="true" signature="AfterTest()[pri:0, instance:TestG.NewTest@3a44431a]" started-at="2023-03-09T16:21:17 IST" name="AfterTest" finished-at="2023-03-09T16:21:17 IST" duration-ms="1" status="PASS">
          <reporter-output>
          </reporter-output>
        </test-method> <!-- AfterTest -->
        <test-method is-config="true" signature="aft()[pri:0, instance:TestG.NewTest@3a44431a]" started-at="2023-03-09T16:21:18 IST" name="aft" finished-at="2023-03-09T16:21:18 IST" duration-ms="1" status="PASS">
          <reporter-output>
          </reporter-output>
        </test-method> <!-- aft -->
      </class> <!-- TestG.NewTest -->
      <class name="TestG.priority">
        <test-method signature="TestJ()[pri:-2, instance:TestG.priority@3e11f9e9]" started-at="2023-03-09T16:21:17 IST" name="TestJ" finished-at="2023-03-09T16:21:17 IST" duration-ms="3" status="PASS">
          <reporter-output>
          </reporter-output>
        </test-method> <!-- TestJ -->
        <test-method signature="TestL()[pri:1, instance:TestG.priority@3e11f9e9]" started-at="2023-03-09T16:21:17 IST" name="TestL" finished-at="2023-03-09T16:21:17 IST" duration-ms="21" status="PASS">
          <reporter-output>
          </reporter-output>
        </test-method> <!-- TestL -->
        <test-method signature="testG()[pri:1, instance:TestG.priority@3e11f9e9]" started-at="2023-03-09T16:21:17 IST" name="testG" finished-at="2023-03-09T16:21:17 IST" duration-ms="3" status="PASS">
          <reporter-output>
          </reporter-output>
        </test-method> <!-- testG -->
      </class> <!-- TestG.priority -->
      <class name="TestG.minama">
        <test-method signature="A()[pri:0, instance:TestG.minama@2c1b194a]" started-at="2023-03-09T16:21:17 IST" name="A" finished-at="2023-03-09T16:21:17 IST" duration-ms="3" status="PASS">
          <reporter-output>
          </reporter-output>
        </test-method> <!-- A -->
        <test-method signature="B()[pri:0, instance:TestG.minama@2c1b194a]" started-at="2023-03-09T16:21:17 IST" name="B" finished-at="2023-03-09T16:21:17 IST" duration-ms="2" status="PASS">
          <reporter-output>
          </reporter-output>
        </test-method> <!-- B -->
      </class> <!-- TestG.minama -->
      <class name="TestG.inco">
        <test-method signature="Test_Usha()[pri:0, instance:TestG.inco@32502377]" started-at="2023-03-09T16:21:17 IST" name="Test_Usha" finished-at="2023-03-09T16:21:17 IST" duration-ms="9" status="PASS">
          <reporter-output>
          </reporter-output>
        </test-method> <!-- Test_Usha -->
        <test-method signature="Test_Usha()[pri:0, instance:TestG.inco@32502377]" started-at="2023-03-09T16:21:17 IST" name="Test_Usha" finished-at="2023-03-09T16:21:17 IST" duration-ms="5" status="PASS">
          <reporter-output>
          </reporter-output>
        </test-method> <!-- Test_Usha -->
        <test-method signature="Test_Usha()[pri:0, instance:TestG.inco@32502377]" started-at="2023-03-09T16:21:17 IST" name="Test_Usha" finished-at="2023-03-09T16:21:17 IST" duration-ms="11" status="PASS">
          <reporter-output>
          </reporter-output>
        </test-method> <!-- Test_Usha -->
        <test-method signature="Test_Usha()[pri:0, instance:TestG.inco@32502377]" started-at="2023-03-09T16:21:17 IST" name="Test_Usha" finished-at="2023-03-09T16:21:17 IST" duration-ms="5" status="PASS">
          <reporter-output>
          </reporter-output>
        </test-method> <!-- Test_Usha -->
        <test-method signature="Test_Usha()[pri:0, instance:TestG.inco@32502377]" started-at="2023-03-09T16:21:17 IST" name="Test_Usha" finished-at="2023-03-09T16:21:17 IST" duration-ms="9" status="PASS">
          <reporter-output>
          </reporter-output>
        </test-method> <!-- Test_Usha -->
      </class> <!-- TestG.inco -->
    </test> <!-- Test -->
  </suite> <!-- Suite -->
</testng-results>
