<?xml version="1.0" encoding="UTF-8"?>
<!-- Generated by org.testng.reporters.JUnitXMLReporter -->
<testsuite ignored="0" hostname="DESKTOP-3TG44GT" failures="0" tests="16" name="Test" time="0.276" errors="0" timestamp="2023-03-09T16:21:17 IST">
  <testcase classname="TestG.NewTest" name="shamboo" time="0.009"/>
  <testcase classname="TestG.one" name="f" time="0.005"/>
  <testcase classname="TestG.priority" name="TestJ" time="0.003"/>
  <testcase classname="TestG.priority" name="TestL" time="0.021"/>
  <testcase classname="TestG.priority" name="testG" time="0.003"/>
  <testcase classname="TestG.test" name="TestA" time="0.005"/>
  <testcase classname="TestG.test" name="Testb" time="0.005"/>
  <testcase classname="TestG.test" name="Testp" time="0.002"/>
  <testcase classname="TestG.Sus" name="f" time="0.004"/>
  <testcase classname="TestG.inco" name="Test_Usha" time="0.009"/>
  <testcase classname="TestG.inco" name="Test_Usha" time="0.005"/>
  <testcase classname="TestG.inco" name="Test_Usha" time="0.011"/>
  <testcase classname="TestG.inco" name="Test_Usha" time="0.005"/>
  <testcase classname="TestG.inco" name="Test_Usha" time="0.009"/>
  <testcase classname="TestG.minama" name="A" time="0.003"/>
  <testcase classname="TestG.minama" name="B" time="0.002"/>
</testsuite> <!-- Test -->
